02/23/2021 12:44:00 PM ------------------------------ BEGIN OF SESSION ------------------------------
02/23/2021 12:44:00 PM - Level = 1
02/23/2021 12:44:00 PM - Play introduction
02/23/2021 12:44:08 PM - name detected: Christine
02/23/2021 12:44:08 PM - Done with introduction
02/23/2021 12:44:58 PM ------------------------------ BEGIN OF SESSION ------------------------------
02/23/2021 12:44:58 PM - Level = 1
02/23/2021 12:44:58 PM - Play introduction
02/23/2021 12:45:06 PM - name detected: Sherida
02/23/2021 12:46:18 PM - Done with introduction
02/23/2021 12:46:18 PM 
02/23/2021 12:46:18 PM ========= New exercise =========
02/23/2021 12:46:18 PM --------- Sum: 83 - 64 ---------
02/23/2021 12:46:37 PM - robot_did_not_hear_number += 1
02/23/2021 12:46:37 PM - else
02/23/2021 12:50:52 PM ------------------------------ BEGIN OF SESSION ------------------------------
02/23/2021 12:50:52 PM - Level = 1
02/23/2021 12:50:52 PM - Play introduction
02/23/2021 12:50:52 PM - Done with introduction
02/23/2021 12:50:52 PM 
02/23/2021 12:50:52 PM ========= New exercise =========
02/23/2021 12:50:52 PM --------- Sum: 61 - 47 ---------
02/23/2021 12:51:13 PM - robot_did_not_hear_number += 1
02/23/2021 12:51:13 PM - else
02/23/2021 12:55:27 PM ------------------------------ BEGIN OF SESSION ------------------------------
02/23/2021 12:55:27 PM - Level = 1
02/23/2021 12:55:27 PM - Play introduction
02/23/2021 12:55:27 PM - Done with introduction
02/23/2021 12:55:27 PM 
02/23/2021 12:55:27 PM ========= New exercise =========
02/23/2021 12:55:27 PM --------- Sum: 75 - 28 ---------
02/23/2021 12:55:46 PM - robot_did_not_hear_number += 1
02/23/2021 12:55:46 PM - else
02/23/2021 12:56:33 PM ------------------------------ BEGIN OF SESSION ------------------------------
02/23/2021 12:56:33 PM - Level = 1
02/23/2021 12:56:33 PM - Play introduction
02/23/2021 12:56:33 PM - Done with introduction
02/23/2021 12:56:33 PM 
02/23/2021 12:56:33 PM ========= New exercise =========
02/23/2021 12:56:33 PM --------- Sum: 92 - 84 ---------
02/23/2021 12:56:52 PM - robot_did_not_hear_number += 1
02/23/2021 12:56:52 PM - else
02/23/2021 12:57:21 PM ------------------------------ BEGIN OF SESSION ------------------------------
02/23/2021 12:57:21 PM - Level = 1
02/23/2021 12:57:21 PM - Play introduction
02/23/2021 12:57:21 PM - Done with introduction
02/23/2021 12:57:21 PM 
02/23/2021 12:57:21 PM ========= New exercise =========
02/23/2021 12:57:21 PM --------- Sum: 43 - 26 ---------
02/23/2021 12:57:39 PM - robot_did_not_hear_number += 1
02/23/2021 12:57:39 PM - else
02/23/2021 12:57:57 PM ------------------------------ BEGIN OF SESSION ------------------------------
02/23/2021 12:57:57 PM - Level = 1
02/23/2021 12:57:57 PM - Play introduction
02/23/2021 12:57:57 PM - Done with introduction
02/23/2021 12:57:57 PM 
02/23/2021 12:57:57 PM ========= New exercise =========
02/23/2021 12:57:57 PM --------- Sum: 96 - 68 ---------
02/23/2021 12:58:19 PM - robot_did_not_hear_number += 1
02/23/2021 12:58:19 PM - else
02/23/2021 12:58:41 PM ------------------------------ BEGIN OF SESSION ------------------------------
02/23/2021 12:58:41 PM - Level = 1
02/23/2021 12:58:41 PM - Play introduction
02/23/2021 12:58:41 PM - Done with introduction
02/23/2021 12:58:41 PM 
02/23/2021 12:58:41 PM ========= New exercise =========
02/23/2021 12:58:41 PM --------- Sum: 53 - 26 ---------
02/23/2021 12:59:04 PM - robot_did_not_hear_number += 1
02/23/2021 12:59:04 PM - else
02/23/2021 12:59:24 PM ------------------------------ BEGIN OF SESSION ------------------------------
02/23/2021 12:59:24 PM - Level = 1
02/23/2021 12:59:24 PM - Play introduction
02/23/2021 12:59:24 PM - Done with introduction
02/23/2021 12:59:24 PM 
02/23/2021 12:59:24 PM ========= New exercise =========
02/23/2021 12:59:24 PM --------- Sum: 62 - 35 ---------
02/23/2021 12:59:43 PM - robot_did_not_hear_number += 1
02/23/2021 12:59:43 PM - else
02/23/2021 01:00:33 PM ------------------------------ BEGIN OF SESSION ------------------------------
02/23/2021 01:00:33 PM - Level = 1
02/23/2021 01:00:33 PM - Play introduction
02/23/2021 01:00:33 PM - Done with introduction
02/23/2021 01:00:33 PM 
02/23/2021 01:00:33 PM ========= New exercise =========
02/23/2021 01:00:33 PM --------- Sum: 34 - 27 ---------
02/23/2021 01:00:53 PM - robot_did_not_hear_number += 1
02/23/2021 01:00:53 PM - else
02/23/2021 01:03:17 PM ------------------------------ BEGIN OF SESSION ------------------------------
02/23/2021 01:03:17 PM - Level = 1
02/23/2021 01:03:17 PM - Play introduction
02/23/2021 01:03:17 PM - Done with introduction
02/23/2021 01:03:17 PM 
02/23/2021 01:03:17 PM ========= New exercise =========
02/23/2021 01:03:17 PM --------- Sum: 63 - 57 ---------
02/23/2021 01:03:35 PM - answer: 53
02/23/2021 01:03:41 PM - answer: 42
02/23/2021 01:03:41 PM - wrong answer given: 42
02/23/2021 01:03:41 PM - wrong_responses += 1
02/23/2021 01:03:41 PM - mistake_in_tens += 1
02/23/2021 01:03:41 PM - mistake_in_answer += 1
02/23/2021 01:04:01 PM - times_tried_sum_again += 1
02/23/2021 01:04:17 PM - answer: 43
02/23/2021 01:04:23 PM - answer: 33
02/23/2021 01:04:35 PM - answer: 23
02/23/2021 01:04:42 PM - answer: 13
02/23/2021 01:04:48 PM - answer: 10
02/23/2021 01:04:54 PM - answer: 6
02/23/2021 01:04:57 PM - times_finished_sum_correct += 1
02/23/2021 01:04:57 PM - no mistake was made
02/23/2021 01:04:57 PM - End of the exercise, left to subtract: 0
02/23/2021 01:04:57 PM - number_of_exercises_done += 1
03/03/2021 10:48:15 AM ------------------------------ BEGIN OF SESSION ------------------------------
03/03/2021 10:48:15 AM - Level = 1
03/03/2021 10:48:15 AM - Play introduction
03/03/2021 10:48:15 AM - Done with introduction
03/03/2021 10:48:15 AM 
03/03/2021 10:48:15 AM ========= New exercise =========
03/03/2021 10:48:15 AM --------- Sum: 63 - 54 ---------
03/03/2021 10:48:42 AM - answer: 33
03/03/2021 10:48:42 AM - wrong answer given: 33
03/03/2021 10:48:42 AM - wrong_responses += 1
03/03/2021 10:48:42 AM - mistake_in_tens += 1
03/03/2021 10:48:42 AM - mistake_in_answer += 1
03/03/2021 10:49:02 AM - times_tried_sum_again += 1
03/03/2021 10:49:16 AM - answer: 63
03/03/2021 10:49:16 AM - wrong answer given: 63
03/03/2021 10:49:16 AM - wrong_responses += 1
03/03/2021 10:49:16 AM - mistake_in_tens += 1
03/03/2021 10:49:16 AM - mistake_in_answer += 1
03/03/2021 10:49:16 AM - end_in_tens += 1
03/03/2021 10:49:16 AM - end_in_answer += 1
03/03/2021 10:50:29 AM - times_finshed_sum_incorrect += 1
03/03/2021 10:50:29 AM - End of the exercise, left to subtract: 44
03/03/2021 10:50:29 AM - number_of_exercises_done += 1
03/03/2021 10:50:33 AM 
03/03/2021 10:50:33 AM ========= New exercise =========
03/03/2021 10:50:33 AM --------- Sum: 95 - 22 ---------
03/03/2021 10:50:54 AM - answer: 85
03/03/2021 10:51:00 AM - answer: 75
03/03/2021 10:51:07 AM - answer: 73
03/03/2021 10:51:11 AM - times_finished_sum_correct += 1
03/03/2021 10:51:11 AM - no mistake was made
03/03/2021 10:51:11 AM - End of the exercise, left to subtract: 0
03/03/2021 10:51:11 AM - number_of_exercises_done += 1
03/03/2021 10:51:15 AM 
03/03/2021 10:51:15 AM ========= New exercise =========
03/03/2021 10:51:15 AM --------- Sum: 73 - 48 ---------
03/03/2021 10:52:07 AM ------------------------------ BEGIN OF SESSION ------------------------------
03/03/2021 10:52:07 AM - Level = 1
03/03/2021 10:52:07 AM - Play introduction
03/03/2021 10:52:07 AM - Done with introduction
03/03/2021 10:52:07 AM 
03/03/2021 10:52:07 AM ========= New exercise =========
03/03/2021 10:52:07 AM --------- Sum: 83 - 26 ---------
03/03/2021 10:52:26 AM - answer: 2
03/03/2021 10:52:26 AM - wrong answer given: 2
03/03/2021 10:52:26 AM - wrong_responses += 1
03/03/2021 10:52:26 AM - mistake_in_tens += 1
03/03/2021 10:52:26 AM - mistake_in_answer += 1
03/03/2021 10:52:46 AM - times_asked_for_explanation += 1
03/03/2021 10:53:36 AM - end_in_tens += 1
03/03/2021 10:53:36 AM - end_in_answer += 1
03/03/2021 10:53:36 AM - times_finished_sum_incorrect += 1
03/03/2021 10:53:36 AM - End of the exercise, left to subtract: 16
03/03/2021 10:53:36 AM - number_of_exercises_done += 1
03/03/2021 10:53:38 AM 
03/03/2021 10:53:38 AM - Play conclusion
03/03/2021 10:53:53 AM - Done with conclusion
03/03/2021 10:53:53 AM 
03/03/2021 10:53:53 AM 
03/03/2021 10:53:53 AM - Number of exercises done: 1
03/03/2021 10:53:53 AM - Times finished sum correctly: 0
03/03/2021 10:53:53 AM - Times student did not finish the sum: 1
03/03/2021 10:53:53 AM - Times asked for explanation: 1
03/03/2021 10:53:53 AM - Times tried sum again: 0
03/03/2021 10:53:53 AM - Times student made mistake in tens: 1
03/03/2021 10:53:53 AM - Times student stranded while doing the tens: 1
03/03/2021 10:53:53 AM - Times student made mistake in units: 0
03/03/2021 10:53:53 AM - Times student stranded while doing the units: 0
03/03/2021 10:53:53 AM - Times student made mistake in step: 0
03/03/2021 10:53:53 AM - Times student stranded while giving a steps: 0
03/03/2021 10:53:53 AM - Times student made mistake in answer: 1
03/03/2021 10:53:53 AM - Times student stranded while giving an answer: 1
03/03/2021 10:53:53 AM - Times the robot did not hear the student: 0
03/03/2021 10:53:53 AM - Exercises where student took bigger steps in tens than level: 0
03/03/2021 10:53:53 AM - Exercises where student took bigger steps in units than level: 0
03/03/2021 10:53:53 AM - Exercises where student took steps on level in tens: 0
03/03/2021 10:53:53 AM - Exercises where student took steps on level in units: 0
03/03/2021 10:53:53 AM - Exercises where student took smaller steps in tens than level: 0
03/03/2021 10:53:53 AM - Exercises where student took smaller steps in units than level: 0
03/03/2021 10:53:53 AM ------------------------------ END OF SESSION ------------------------------
